/*C133*/SET SCHEMA CNCRS
INSERT INTO BNC_BANCA VALUES(329,'IBRAE@@@@@@',TRUE,'2023-07-31','Brasilia','Instituto Brasileiro','61988888888')
COMMIT
DELETE FROM BNC_BANCA WHERE ID=329
INSERT INTO BNC_BANCA VALUES(329,'IBRAE',FALSE,'2023-07-31','Brasilia','Instituto Brasileiro','61988888888')
COMMIT
DELETE FROM BNC_BANCA WHERE ID=329
COMMIT
/*C127*/SET SCHEMA PUBLIC
DISCONNECT
/*C133*/SET SCHEMA PUBLIC
DISCONNECT
/*C129*/SET SCHEMA PUBLIC
DISCONNECT
/*C125*/SET SCHEMA PUBLIC
DISCONNECT
/*C128*/SET SCHEMA PUBLIC
DISCONNECT
/*C130*/SET SCHEMA PUBLIC
DISCONNECT
/*C132*/SET SCHEMA PUBLIC
DISCONNECT
/*C124*/SET SCHEMA PUBLIC
DISCONNECT
/*C131*/SET SCHEMA PUBLIC
DISCONNECT
/*C126*/SET SCHEMA PUBLIC
DISCONNECT
